<?xml version="1.0" encoding="UTF-8"?>
<testng-results ignored="0" total="1" passed="1" failed="0" skipped="0">
  <reporter-output>
  </reporter-output>
  <suite started-at="2022-09-27T10:48:11 IST" name="Default suite" finished-at="2022-09-27T10:48:28 IST" duration-ms="16769">
    <groups>
    </groups>
    <test started-at="2022-09-27T10:48:11 IST" name="Default test" finished-at="2022-09-27T10:48:28 IST" duration-ms="16769">
      <class name="test1.NewTest4">
        <test-method signature="f()[pri:0, instance:test1.NewTest4@6ef888f6]" started-at="2022-09-27T10:48:11 IST" name="f" finished-at="2022-09-27T10:48:28 IST" duration-ms="16714" status="PASS">
          <reporter-output>
          </reporter-output>
        </test-method> <!-- f -->
      </class> <!-- test1.NewTest4 -->
    </test> <!-- Default test -->
  </suite> <!-- Default suite -->
</testng-results>
